<?xml version="1.0" encoding="UTF-8"?>
<!-- Generated by org.testng.reporters.JUnitXMLReporter -->
<testsuite hostname="Anshu-PC" ignored="0" name="InvalidTestcases" tests="1" failures="1" timestamp="20 Mar 2018 15:53:39 GMT" time="0.06" errors="0">
  <testcase name="verifyTitle" time="0.019" classname="crossBrowser.CrossBrowser">
    <failure type="java.lang.NullPointerException">
      <![CDATA[java.lang.NullPointerException
at crossBrowser.CrossBrowser.verifyTitle(CrossBrowser.java:31)
at java.util.concurrent.FutureTask.run(Unknown Source)
at java.util.concurrent.ThreadPoolExecutor.runWorker(Unknown Source)
at java.util.concurrent.ThreadPoolExecutor$Worker.run(Unknown Source)
at java.lang.Thread.run(Unknown Source)
... Removed 16 stack frames]]>
    </failure>
  </testcase> <!-- verifyTitle -->
</testsuite> <!-- InvalidTestcases -->
